<?xml version="1.0" encoding="UTF-8"?>
<coverage generated="1496348899947" clover="3.2.0">
  <project timestamp="1496348899948" name="All files">
    <metrics statements="48" coveredstatements="41" conditionals="9" coveredconditionals="7" methods="9" coveredmethods="5" elements="66" coveredelements="53" complexity="0" loc="48" ncloc="48" packages="3" files="3" classes="3">
      <package name="stack-boilerplate">
        <metrics statements="24" coveredstatements="23" conditionals="4" coveredconditionals="3" methods="0" coveredmethods="0"/>
        <file name="app.js" path="/Users/wduff/Documents/elephants/stack-boilerplate/app.js">
          <metrics statements="24" coveredstatements="23" conditionals="4" coveredconditionals="3" methods="0" coveredmethods="0"/>
          <line num="6" count="1" type="stmt"/>
          <line num="7" count="1" type="stmt"/>
          <line num="8" count="1" type="stmt"/>
          <line num="9" count="1" type="stmt"/>
          <line num="10" count="1" type="stmt"/>
          <line num="12" count="1" type="stmt"/>
          <line num="15" count="1" type="cond" truecount="2" falsecount="0"/>
          <line num="16" count="1" type="stmt"/>
          <line num="17" count="1" type="stmt"/>
          <line num="18" count="1" type="stmt"/>
          <line num="19" count="1" type="stmt"/>
          <line num="20" count="1" type="stmt"/>
          <line num="21" count="1" type="stmt"/>
          <line num="22" count="1" type="stmt"/>
          <line num="23" count="1" type="stmt"/>
          <line num="24" count="1" type="stmt"/>
          <line num="25" count="1" type="stmt"/>
          <line num="26" count="1" type="stmt"/>
          <line num="29" count="1" type="cond" truecount="1" falsecount="1"/>
          <line num="30" count="0" type="stmt"/>
          <line num="33" count="1" type="stmt"/>
          <line num="34" count="1" type="stmt"/>
          <line num="35" count="1" type="stmt"/>
          <line num="41" count="1" type="stmt"/>
        </file>
      </package>
      <package name="stack-boilerplate.model">
        <metrics statements="18" coveredstatements="12" conditionals="5" coveredconditionals="4" methods="6" coveredmethods="2"/>
        <file name="db.js" path="/Users/wduff/Documents/elephants/stack-boilerplate/model/db.js">
          <metrics statements="18" coveredstatements="12" conditionals="5" coveredconditionals="4" methods="6" coveredmethods="2"/>
          <line num="2" count="1" type="stmt"/>
          <line num="6" count="1" type="cond" truecount="3" falsecount="0"/>
          <line num="10" count="1" type="stmt"/>
          <line num="11" count="1" type="cond" truecount="1" falsecount="1"/>
          <line num="12" count="1" type="stmt"/>
          <line num="14" count="0" type="stmt"/>
          <line num="21" count="1" type="stmt"/>
          <line num="22" count="0" type="stmt"/>
          <line num="25" count="1" type="stmt"/>
          <line num="26" count="0" type="stmt"/>
          <line num="29" count="1" type="stmt"/>
          <line num="30" count="1" type="stmt"/>
          <line num="33" count="1" type="stmt"/>
          <line num="34" count="0" type="stmt"/>
          <line num="35" count="0" type="stmt"/>
          <line num="36" count="0" type="stmt"/>
          <line num="43" count="1" type="stmt"/>
          <line num="52" count="1" type="stmt"/>
        </file>
      </package>
      <package name="stack-boilerplate.routes">
        <metrics statements="6" coveredstatements="6" conditionals="0" coveredconditionals="0" methods="3" coveredmethods="3"/>
        <file name="index.js" path="/Users/wduff/Documents/elephants/stack-boilerplate/routes/index.js">
          <metrics statements="6" coveredstatements="6" conditionals="0" coveredconditionals="0" methods="3" coveredmethods="3"/>
          <line num="6" count="1" type="stmt"/>
          <line num="7" count="1" type="stmt"/>
          <line num="10" count="1" type="stmt"/>
          <line num="11" count="1" type="stmt"/>
          <line num="14" count="1" type="stmt"/>
          <line num="15" count="1" type="stmt"/>
        </file>
      </package>
    </metrics>
  </project>
</coverage>
