{"/Users/wduff/Documents/elephants/stack-boilerplate/app.js": {"path":"/Users/wduff/Documents/elephants/stack-boilerplate/app.js","statementMap":{"0":{"start":{"line":6,"column":14},"end":{"line":6,"column":32}},"1":{"start":{"line":7,"column":9},"end":{"line":7,"column":30}},"2":{"start":{"line":8,"column":13},"end":{"line":8,"column":32}},"3":{"start":{"line":9,"column":11},"end":{"line":9,"column":26}},"4":{"start":{"line":10,"column":11},"end":{"line":10,"column":26}},"5":{"start":{"line":12,"column":10},"end":{"line":12,"column":19}},"6":{"start":{"line":15,"column":0},"end":{"line":15,"column":42}},"7":{"start":{"line":16,"column":0},"end":{"line":16,"column":48}},"8":{"start":{"line":17,"column":0},"end":{"line":17,"column":31}},"9":{"start":{"line":18,"column":0},"end":{"line":18,"column":27}},"10":{"start":{"line":19,"column":0},"end":{"line":19,"column":31}},"11":{"start":{"line":20,"column":0},"end":{"line":20,"column":24}},"12":{"start":{"line":21,"column":0},"end":{"line":21,"column":30}},"13":{"start":{"line":22,"column":0},"end":{"line":22,"column":34}},"14":{"start":{"line":23,"column":0},"end":{"line":23,"column":50}},"15":{"start":{"line":24,"column":0},"end":{"line":24,"column":27}},"16":{"start":{"line":25,"column":0},"end":{"line":25,"column":20}},"17":{"start":{"line":26,"column":0},"end":{"line":26,"column":56}},"18":{"start":{"line":29,"column":0},"end":{"line":31,"column":1}},"19":{"start":{"line":30,"column":2},"end":{"line":30,"column":34}},"20":{"start":{"line":33,"column":0},"end":{"line":33,"column":31}},"21":{"start":{"line":34,"column":0},"end":{"line":34,"column":30}},"22":{"start":{"line":35,"column":0},"end":{"line":35,"column":37}},"23":{"start":{"line":36,"column":0},"end":{"line":36,"column":36}},"24":{"start":{"line":37,"column":0},"end":{"line":37,"column":36}},"25":{"start":{"line":38,"column":0},"end":{"line":38,"column":38}},"26":{"start":{"line":44,"column":0},"end":{"line":44,"column":20}}},"fnMap":{},"branchMap":{"0":{"loc":{"start":{"line":15,"column":16},"end":{"line":15,"column":40}},"type":"binary-expr","locations":[{"start":{"line":15,"column":16},"end":{"line":15,"column":32}},{"start":{"line":15,"column":36},"end":{"line":15,"column":40}}],"line":15},"1":{"loc":{"start":{"line":29,"column":0},"end":{"line":31,"column":1}},"type":"if","locations":[{"start":{"line":29,"column":0},"end":{"line":31,"column":1}},{"start":{"line":29,"column":0},"end":{"line":31,"column":1}}],"line":29}},"s":{"0":1,"1":1,"2":1,"3":1,"4":1,"5":1,"6":1,"7":1,"8":1,"9":1,"10":1,"11":1,"12":1,"13":1,"14":1,"15":1,"16":1,"17":1,"18":1,"19":0,"20":1,"21":1,"22":1,"23":1,"24":1,"25":1,"26":1},"f":{},"b":{"0":[1,1],"1":[0,1]},"_coverageSchema":"332fd63041d2c1bcb487cc26dd0d5f7d97098a6c","hash":"05d43e514bfe7b7265d9b0e5ee4c47f9902568fc"}
,"/Users/wduff/Documents/elephants/stack-boilerplate/model/db.js": {"path":"/Users/wduff/Documents/elephants/stack-boilerplate/model/db.js","statementMap":{"0":{"start":{"line":2,"column":15},"end":{"line":2,"column":36}},"1":{"start":{"line":6,"column":16},"end":{"line":6,"column":103}},"2":{"start":{"line":10,"column":0},"end":{"line":16,"column":3}},"3":{"start":{"line":11,"column":2},"end":{"line":15,"column":3}},"4":{"start":{"line":12,"column":2},"end":{"line":12,"column":65}},"5":{"start":{"line":14,"column":2},"end":{"line":14,"column":55}},"6":{"start":{"line":21,"column":0},"end":{"line":23,"column":3}},"7":{"start":{"line":22,"column":2},"end":{"line":22,"column":52}},"8":{"start":{"line":25,"column":0},"end":{"line":27,"column":3}},"9":{"start":{"line":26,"column":2},"end":{"line":26,"column":51}},"10":{"start":{"line":29,"column":0},"end":{"line":31,"column":3}},"11":{"start":{"line":30,"column":2},"end":{"line":30,"column":39}},"12":{"start":{"line":33,"column":0},"end":{"line":38,"column":3}},"13":{"start":{"line":34,"column":2},"end":{"line":37,"column":5}},"14":{"start":{"line":35,"column":4},"end":{"line":35,"column":65}},"15":{"start":{"line":36,"column":4},"end":{"line":36,"column":20}},"16":{"start":{"line":43,"column":17},"end":{"line":49,"column":2}},"17":{"start":{"line":52,"column":0},"end":{"line":52,"column":37}}},"fnMap":{"0":{"name":"(anonymous_0)","decl":{"start":{"line":10,"column":28},"end":{"line":10,"column":29}},"loc":{"start":{"line":10,"column":48},"end":{"line":16,"column":1}},"line":10},"1":{"name":"(anonymous_1)","decl":{"start":{"line":21,"column":36},"end":{"line":21,"column":37}},"loc":{"start":{"line":21,"column":48},"end":{"line":23,"column":1}},"line":21},"2":{"name":"(anonymous_2)","decl":{"start":{"line":25,"column":31},"end":{"line":25,"column":32}},"loc":{"start":{"line":25,"column":46},"end":{"line":27,"column":1}},"line":25},"3":{"name":"(anonymous_3)","decl":{"start":{"line":29,"column":39},"end":{"line":29,"column":40}},"loc":{"start":{"line":29,"column":51},"end":{"line":31,"column":1}},"line":29},"4":{"name":"(anonymous_4)","decl":{"start":{"line":33,"column":21},"end":{"line":33,"column":22}},"loc":{"start":{"line":33,"column":32},"end":{"line":38,"column":1}},"line":33},"5":{"name":"(anonymous_5)","decl":{"start":{"line":34,"column":28},"end":{"line":34,"column":29}},"loc":{"start":{"line":34,"column":40},"end":{"line":37,"column":3}},"line":34}},"branchMap":{"0":{"loc":{"start":{"line":6,"column":16},"end":{"line":6,"column":103}},"type":"binary-expr","locations":[{"start":{"line":6,"column":16},"end":{"line":6,"column":40}},{"start":{"line":6,"column":44},"end":{"line":6,"column":67}},{"start":{"line":6,"column":71},"end":{"line":6,"column":103}}],"line":6},"1":{"loc":{"start":{"line":11,"column":2},"end":{"line":15,"column":3}},"type":"if","locations":[{"start":{"line":11,"column":2},"end":{"line":15,"column":3}},{"start":{"line":11,"column":2},"end":{"line":15,"column":3}}],"line":11}},"s":{"0":1,"1":1,"2":1,"3":1,"4":1,"5":0,"6":1,"7":0,"8":1,"9":0,"10":1,"11":1,"12":1,"13":0,"14":0,"15":0,"16":1,"17":1},"f":{"0":1,"1":0,"2":0,"3":1,"4":0,"5":0},"b":{"0":[1,1,1],"1":[1,0]},"_coverageSchema":"332fd63041d2c1bcb487cc26dd0d5f7d97098a6c","hash":"060d0b4a9355d9ec9b37b036e436b52e478e8333"}
,"/Users/wduff/Documents/elephants/stack-boilerplate/routes/index.js": {"path":"/Users/wduff/Documents/elephants/stack-boilerplate/routes/index.js","statementMap":{"0":{"start":{"line":6,"column":0},"end":{"line":8,"column":2}},"1":{"start":{"line":7,"column":2},"end":{"line":7,"column":44}},"2":{"start":{"line":10,"column":0},"end":{"line":12,"column":2}},"3":{"start":{"line":11,"column":2},"end":{"line":11,"column":30}},"4":{"start":{"line":14,"column":0},"end":{"line":16,"column":1}},"5":{"start":{"line":15,"column":2},"end":{"line":15,"column":25}},"6":{"start":{"line":18,"column":0},"end":{"line":20,"column":1}},"7":{"start":{"line":19,"column":2},"end":{"line":19,"column":27}},"8":{"start":{"line":22,"column":0},"end":{"line":24,"column":1}},"9":{"start":{"line":23,"column":2},"end":{"line":23,"column":27}},"10":{"start":{"line":26,"column":0},"end":{"line":28,"column":1}},"11":{"start":{"line":27,"column":2},"end":{"line":27,"column":28}}},"fnMap":{"0":{"name":"(anonymous_0)","decl":{"start":{"line":6,"column":16},"end":{"line":6,"column":17}},"loc":{"start":{"line":6,"column":34},"end":{"line":8,"column":1}},"line":6},"1":{"name":"(anonymous_1)","decl":{"start":{"line":10,"column":17},"end":{"line":10,"column":18}},"loc":{"start":{"line":10,"column":35},"end":{"line":12,"column":1}},"line":10},"2":{"name":"(anonymous_2)","decl":{"start":{"line":14,"column":15},"end":{"line":14,"column":16}},"loc":{"start":{"line":14,"column":34},"end":{"line":16,"column":1}},"line":14},"3":{"name":"(anonymous_3)","decl":{"start":{"line":18,"column":18},"end":{"line":18,"column":19}},"loc":{"start":{"line":18,"column":37},"end":{"line":20,"column":1}},"line":18},"4":{"name":"(anonymous_4)","decl":{"start":{"line":22,"column":18},"end":{"line":22,"column":19}},"loc":{"start":{"line":22,"column":37},"end":{"line":24,"column":1}},"line":22},"5":{"name":"(anonymous_5)","decl":{"start":{"line":26,"column":19},"end":{"line":26,"column":20}},"loc":{"start":{"line":26,"column":38},"end":{"line":28,"column":1}},"line":26}},"branchMap":{},"s":{"0":1,"1":1,"2":1,"3":1,"4":1,"5":1,"6":1,"7":1,"8":1,"9":1,"10":1,"11":1},"f":{"0":1,"1":1,"2":1,"3":1,"4":1,"5":1},"b":{},"_coverageSchema":"332fd63041d2c1bcb487cc26dd0d5f7d97098a6c","hash":"08c4038e9a2ca21d667702cc04af440cac685dfc"}
}
